0 info it worked if it ends with ok
1 verbose cli [ '/usr/local/bin/node',
1 verbose cli   '/usr/local/bin/npm',
1 verbose cli   'install',
1 verbose cli   'http-server',
1 verbose cli   '-g' ]
2 info using npm@2.14.7
3 info using node@v4.2.1
4 verbose install initial load of /usr/local/lib/package.json
5 verbose readDependencies loading dependencies from /usr/local/lib/package.json
6 silly cache add args [ 'http-server', null ]
7 verbose cache add spec http-server
8 silly cache add parsed spec Result {
8 silly cache add   raw: 'http-server',
8 silly cache add   scope: null,
8 silly cache add   name: 'http-server',
8 silly cache add   rawSpec: '',
8 silly cache add   spec: '*',
8 silly cache add   type: 'range' }
9 silly addNamed http-server@*
10 verbose addNamed "*" is a valid semver range for http-server
11 silly addNameRange { name: 'http-server', range: '*', hasData: false }
12 silly mapToRegistry name http-server
13 silly mapToRegistry using default registry
14 silly mapToRegistry registry https://registry.npmjs.org/
15 silly mapToRegistry uri https://registry.npmjs.org/http-server
16 verbose addNameRange registry:https://registry.npmjs.org/http-server not in flight; fetching
17 verbose request uri https://registry.npmjs.org/http-server
18 verbose request no auth needed
19 info attempt registry request try #1 at 1:05:19 PM
20 verbose request id b1d5be7c95bf6446
21 verbose etag "4VDTEIE3CKGXSKAOSH4YEU8IO"
22 http request GET https://registry.npmjs.org/http-server
23 http 304 https://registry.npmjs.org/http-server
24 verbose headers { date: 'Sat, 17 Oct 2015 18:05:20 GMT',
24 verbose headers   via: '1.1 varnish',
24 verbose headers   'cache-control': 'max-age=60',
24 verbose headers   etag: '"4VDTEIE3CKGXSKAOSH4YEU8IO"',
24 verbose headers   age: '0',
24 verbose headers   connection: 'keep-alive',
24 verbose headers   'x-served-by': 'cache-jfk1021-JFK',
24 verbose headers   'x-cache': 'HIT',
24 verbose headers   'x-cache-hits': '1',
24 verbose headers   'x-timer': 'S1445105120.282227,VS0,VE375',
24 verbose headers   vary: 'Accept' }
25 silly get cb [ 304,
25 silly get   { date: 'Sat, 17 Oct 2015 18:05:20 GMT',
25 silly get     via: '1.1 varnish',
25 silly get     'cache-control': 'max-age=60',
25 silly get     etag: '"4VDTEIE3CKGXSKAOSH4YEU8IO"',
25 silly get     age: '0',
25 silly get     connection: 'keep-alive',
25 silly get     'x-served-by': 'cache-jfk1021-JFK',
25 silly get     'x-cache': 'HIT',
25 silly get     'x-cache-hits': '1',
25 silly get     'x-timer': 'S1445105120.282227,VS0,VE375',
25 silly get     vary: 'Accept' } ]
26 verbose etag https://registry.npmjs.org/http-server from cache
27 verbose get saving http-server to /Users/alumno/.npm/registry.npmjs.org/http-server/.cache.json
28 silly addNameRange number 2 { name: 'http-server', range: '*', hasData: true }
29 silly addNameRange versions [ 'http-server',
29 silly addNameRange   [ '0.1.0',
29 silly addNameRange     '0.1.1',
29 silly addNameRange     '0.1.3',
29 silly addNameRange     '0.2.1',
29 silly addNameRange     '0.2.2',
29 silly addNameRange     '0.2.3',
29 silly addNameRange     '0.2.4',
29 silly addNameRange     '0.2.5',
29 silly addNameRange     '0.2.6',
29 silly addNameRange     '0.2.9',
29 silly addNameRange     '0.3.0',
29 silly addNameRange     '0.4.0',
29 silly addNameRange     '0.4.1',
29 silly addNameRange     '0.5.0',
29 silly addNameRange     '0.5.1',
29 silly addNameRange     '0.5.2',
29 silly addNameRange     '0.5.3',
29 silly addNameRange     '0.5.5',
29 silly addNameRange     '0.6.0',
29 silly addNameRange     '0.6.1',
29 silly addNameRange     '0.7.0',
29 silly addNameRange     '0.7.1',
29 silly addNameRange     '0.7.2',
29 silly addNameRange     '0.7.3',
29 silly addNameRange     '0.7.4',
29 silly addNameRange     '0.7.5',
29 silly addNameRange     '0.8.0',
29 silly addNameRange     '0.8.1',
29 silly addNameRange     '0.8.2',
29 silly addNameRange     '0.8.3',
29 silly addNameRange     '0.8.4',
29 silly addNameRange     '0.8.5' ] ]
30 silly addNamed http-server@0.8.5
31 verbose addNamed "0.8.5" is a plain semver version for http-server
32 silly cache afterAdd http-server@0.8.5
33 verbose afterAdd /Users/alumno/.npm/http-server/0.8.5/package/package.json not in flight; writing
34 verbose afterAdd /Users/alumno/.npm/http-server/0.8.5/package/package.json written
35 silly install resolved [ { name: 'http-server',
35 silly install resolved     version: '0.8.5',
35 silly install resolved     description: 'A simple zero-configuration command-line http server',
35 silly install resolved     main: './lib/http-server',
35 silly install resolved     repository:
35 silly install resolved      { type: 'git',
35 silly install resolved        url: 'git://github.com/indexzero/http-server.git' },
35 silly install resolved     keywords: [ 'cli', 'command' ],
35 silly install resolved     scripts:
35 silly install resolved      { start: 'node ./bin/http-server',
35 silly install resolved        pretest: 'common bin/http-server lib/ test',
35 silly install resolved        test: 'vows --spec --isolate' },
35 silly install resolved     contributors:
35 silly install resolved      [ [Object],
35 silly install resolved        [Object],
35 silly install resolved        [Object],
35 silly install resolved        [Object],
35 silly install resolved        [Object],
35 silly install resolved        [Object],
35 silly install resolved        [Object],
35 silly install resolved        [Object],
35 silly install resolved        [Object],
35 silly install resolved        [Object] ],
35 silly install resolved     dependencies:
35 silly install resolved      { colors: '1.0.3',
35 silly install resolved        optimist: '0.6.x',
35 silly install resolved        union: '~0.4.3',
35 silly install resolved        ecstatic: '~0.7.0',
35 silly install resolved        'http-proxy': '^1.8.1',
35 silly install resolved        portfinder: '0.4.x',
35 silly install resolved        opener: '~1.4.0',
35 silly install resolved        corser: '~2.0.0' },
35 silly install resolved     devDependencies: { 'common-style': '^3.0.0', request: '2.49.x', vows: '0.7.x' },
35 silly install resolved     bugs: { url: 'https://github.com/nodeapps/http-server/issues' },
35 silly install resolved     license: 'MIT',
35 silly install resolved     preferGlobal: 'true',
35 silly install resolved     bin: { 'http-server': './bin/http-server', hs: './bin/http-server' },
35 silly install resolved     gitHead: 'b8975be281a5705e71218597940e53034ebe41d4',
35 silly install resolved     homepage: 'https://github.com/indexzero/http-server#readme',
35 silly install resolved     _id: 'http-server@0.8.5',
35 silly install resolved     _shasum: 'bbf27c9f09499e51a1fe1f979a6f39a45a04f2fb',
35 silly install resolved     _from: 'http-server@*',
35 silly install resolved     _npmVersion: '2.14.5',
35 silly install resolved     _nodeVersion: '0.12.7',
35 silly install resolved     _npmUser: { name: 'indexzero', email: 'charlie.robbins@gmail.com' },
35 silly install resolved     maintainers: [ [Object] ],
35 silly install resolved     dist:
35 silly install resolved      { shasum: 'bbf27c9f09499e51a1fe1f979a6f39a45a04f2fb',
35 silly install resolved        tarball: 'http://registry.npmjs.org/http-server/-/http-server-0.8.5.tgz' },
35 silly install resolved     directories: {},
35 silly install resolved     _resolved: 'https://registry.npmjs.org/http-server/-/http-server-0.8.5.tgz',
35 silly install resolved     readme: 'ERROR: No README data found!' } ]
36 info install http-server@0.8.5 into /usr/local/lib
37 info installOne http-server@0.8.5
38 verbose installOne of http-server to /usr/local/lib not in flight; installing
39 verbose lock using /Users/alumno/.npm/_locks/http-server-ae30c9ae1f4c5eaa.lock for /usr/local/lib/node_modules/http-server
40 silly install write writing http-server 0.8.5 to /usr/local/lib/node_modules/http-server
41 verbose unbuild lib/node_modules/http-server
42 silly gentlyRm /usr/local/lib/node_modules/http-server is being purged from base /usr/local
43 verbose gentlyRm don't care about contents; nuking /usr/local/lib/node_modules/http-server
44 verbose tar unpack /Users/alumno/.npm/http-server/0.8.5/package.tgz
45 verbose tar unpacking to /usr/local/lib/node_modules/http-server
46 silly gentlyRm /usr/local/lib/node_modules/http-server is being purged
47 verbose gentlyRm don't care about contents; nuking /usr/local/lib/node_modules/http-server
48 silly gunzTarPerm modes [ '755', '644' ]
49 error tar.unpack untar error /Users/alumno/.npm/http-server/0.8.5/package.tgz
50 verbose unlock done using /Users/alumno/.npm/_locks/http-server-ae30c9ae1f4c5eaa.lock for /usr/local/lib/node_modules/http-server
51 verbose fstream_path /usr/local/lib/node_modules/http-server
52 verbose fstream_type Directory
53 verbose fstream_class DirWriter
54 verbose stack Error: EACCES: permission denied, mkdir '/usr/local/lib/node_modules/http-server'
54 verbose stack     at Error (native)
55 verbose fstream_stack /usr/local/lib/node_modules/npm/node_modules/fstream/lib/dir-writer.js:35:25
55 verbose fstream_stack /usr/local/lib/node_modules/npm/node_modules/mkdirp/index.js:47:53
55 verbose fstream_stack FSReqWrap.oncomplete (fs.js:82:15)
56 verbose cwd /Users/alumno/Desktop/javascript_group07/Clase 04
57 error Darwin 14.0.0
58 error argv "/usr/local/bin/node" "/usr/local/bin/npm" "install" "http-server" "-g"
59 error node v4.2.1
60 error npm  v2.14.7
61 error path /usr/local/lib/node_modules/http-server
62 error code EACCES
63 error errno -13
64 error syscall mkdir
65 error Error: EACCES: permission denied, mkdir '/usr/local/lib/node_modules/http-server'
65 error     at Error (native)
65 error  { [Error: EACCES: permission denied, mkdir '/usr/local/lib/node_modules/http-server']
65 error   errno: -13,
65 error   code: 'EACCES',
65 error   syscall: 'mkdir',
65 error   path: '/usr/local/lib/node_modules/http-server',
65 error   fstream_type: 'Directory',
65 error   fstream_path: '/usr/local/lib/node_modules/http-server',
65 error   fstream_class: 'DirWriter',
65 error   fstream_stack:
65 error    [ '/usr/local/lib/node_modules/npm/node_modules/fstream/lib/dir-writer.js:35:25',
65 error      '/usr/local/lib/node_modules/npm/node_modules/mkdirp/index.js:47:53',
65 error      'FSReqWrap.oncomplete (fs.js:82:15)' ] }
66 error Please try running this command again as root/Administrator.
67 verbose exit [ -13, true ]
68 verbose unbuild lib/node_modules/http-server
69 silly gentlyRm /usr/local/lib/node_modules/http-server is being purged from base /usr/local
70 verbose gentlyRm don't care about contents; nuking /usr/local/lib/node_modules/http-server
